#-----------------------------------------------------------
# Vivado v2024.2 (64-bit)
# SW Build 5239630 on Fri Nov 08 22:35:27 MST 2024
# IP Build 5239520 on Sun Nov 10 16:12:51 MST 2024
# SharedData Build 5239561 on Fri Nov 08 14:39:27 MST 2024
# Start of session at: Tue Mar 11 20:19:17 2025
# Process ID         : 4792
# Current directory  : C:/Users/octav/Desktop/pseudonumber_generator
# Command line       : vivado.exe -gui_launcher_event rodinguilauncherevent1676 C:\Users\octav\Desktop\pseudonumber_generator\pseudonumber_generator.xpr
# Log file           : C:/Users/octav/Desktop/pseudonumber_generator/vivado.log
# Journal file       : C:/Users/octav/Desktop/pseudonumber_generator\vivado.jou
# Running On         : DESKTOP-HPE2C2O
# Platform           : Windows Server 2016 or Windows 10
# Operating System   : 19045
# Processor Detail   : Intel(R) Core(TM) i7-2600K CPU @ 3.40GHz
# CPU Frequency      : 3400 MHz
# CPU Physical cores : 4
# CPU Logical cores  : 8
# Host memory        : 8555 MB
# Swap memory        : 7516 MB
# Total Virtual      : 16071 MB
# Available Virtual  : 8244 MB
#-----------------------------------------------------------
start_gui
open_project C:/Users/octav/Desktop/pseudonumber_generator/pseudonumber_generator.xpr
INFO: [Project 1-313] Project file moved from 'C:/Users/octav/pseudonumber_generator' since last save.
INFO: [filemgmt 56-3] Default IP Output Path : Could not find the directory 'C:/Users/octav/Desktop/pseudonumber_generator/pseudonumber_generator.gen/sources_1'.
Scanning sources...
Finished scanning sources
INFO: [IP_Flow 19-234] Refreshing IP repositories
INFO: [IP_Flow 19-1704] No user IP repositories specified
INFO: [IP_Flow 19-2313] Loaded Vivado IP repository 'C:/Xilinx/Vivado/2024.2/data/ip'.
update_compile_order -fileset sources_1
WARNING: [filemgmt 56-199] Attempt to get parsing info during refresh. "On-the-fly" syntax checking information may be incorrect. [C:\Users\octav\Desktop\pseudonumber_generator\pseudonumber_generator.srcs\sources_1\new\desen.v:]
WARNING: [filemgmt 56-199] Attempt to get parsing info during refresh. "On-the-fly" syntax checking information may be incorrect. [C:\Users\octav\Desktop\pseudonumber_generator\pseudonumber_generator.srcs\sources_1\new\structural.v:]
WARNING: [filemgmt 56-199] Attempt to get parsing info during refresh. "On-the-fly" syntax checking information may be incorrect. [C:\Users\octav\Desktop\pseudonumber_generator\pseudonumber_generator.srcs\sources_1\new\Top.v:]
WARNING: [filemgmt 56-199] Attempt to get parsing info during refresh. "On-the-fly" syntax checking information may be incorrect. [C:\Users\octav\Desktop\pseudonumber_generator\pseudonumber_generator.srcs\sources_1\new\structural.v:]
WARNING: [filemgmt 56-199] Attempt to get parsing info during refresh. "On-the-fly" syntax checking information may be incorrect. [C:\Users\octav\Desktop\pseudonumber_generator\pseudonumber_generator.srcs\sources_1\new\structural.v:]
WARNING: [filemgmt 56-199] Attempt to get parsing info during refresh. "On-the-fly" syntax checking information may be incorrect. [C:\Users\octav\Desktop\pseudonumber_generator\pseudonumber_generator.srcs\sources_1\new\desen.v:]
WARNING: [filemgmt 56-199] Attempt to get parsing info during refresh. "On-the-fly" syntax checking information may be incorrect. [C:\Users\octav\Desktop\pseudonumber_generator\pseudonumber_generator.srcs\sources_1\new\structural.v:]
WARNING: [filemgmt 56-199] Attempt to get parsing info during refresh. "On-the-fly" syntax checking information may be incorrect. [C:\Users\octav\Desktop\pseudonumber_generator\pseudonumber_generator.srcs\sources_1\new\Top.v:]
WARNING: [filemgmt 56-199] Attempt to get parsing info during refresh. "On-the-fly" syntax checking information may be incorrect. [C:\Users\octav\Desktop\pseudonumber_generator\pseudonumber_generator.srcs\sources_1\new\desen.v:]
WARNING: [filemgmt 56-199] Attempt to get parsing info during refresh. "On-the-fly" syntax checking information may be incorrect. [C:\Users\octav\Desktop\pseudonumber_generator\pseudonumber_generator.srcs\sources_1\new\desen.v:]
WARNING: [filemgmt 56-199] Attempt to get parsing info during refresh. "On-the-fly" syntax checking information may be incorrect. [C:\Users\octav\Desktop\pseudonumber_generator\pseudonumber_generator.srcs\sources_1\new\desen.v:]
WARNING: [filemgmt 56-199] Attempt to get parsing info during refresh. "On-the-fly" syntax checking information may be incorrect. [C:\Users\octav\Desktop\pseudonumber_generator\pseudonumber_generator.srcs\sim_1\new\Testbench.v:]
WARNING: [filemgmt 56-199] Attempt to get parsing info during refresh. "On-the-fly" syntax checking information may be incorrect. [C:\Users\octav\Desktop\pseudonumber_generator\pseudonumber_generator.srcs\sources_1\new\structural.v:]
WARNING: [filemgmt 56-199] Attempt to get parsing info during refresh. "On-the-fly" syntax checking information may be incorrect. [C:\Users\octav\Desktop\pseudonumber_generator\pseudonumber_generator.srcs\sources_1\new\Top.v:]
WARNING: [filemgmt 56-199] Attempt to get parsing info during refresh. "On-the-fly" syntax checking information may be incorrect. [C:\Users\octav\Desktop\pseudonumber_generator\pseudonumber_generator.srcs\sources_1\new\structural.v:]
WARNING: [filemgmt 56-199] Attempt to get parsing info during refresh. "On-the-fly" syntax checking information may be incorrect. [C:\Users\octav\Desktop\pseudonumber_generator\pseudonumber_generator.srcs\sources_1\new\structural.v:]
WARNING: [filemgmt 56-199] Attempt to get parsing info during refresh. "On-the-fly" syntax checking information may be incorrect. [C:\Users\octav\Desktop\pseudonumber_generator\pseudonumber_generator.srcs\sources_1\new\desen.v:]
WARNING: [filemgmt 56-199] Attempt to get parsing info during refresh. "On-the-fly" syntax checking information may be incorrect. [C:\Users\octav\Desktop\pseudonumber_generator\pseudonumber_generator.srcs\sim_1\new\Testbench.v:]
WARNING: [filemgmt 56-199] Attempt to get parsing info during refresh. "On-the-fly" syntax checking information may be incorrect. [C:\Users\octav\Desktop\pseudonumber_generator\pseudonumber_generator.srcs\sources_1\new\structural.v:]
WARNING: [filemgmt 56-199] Attempt to get parsing info during refresh. "On-the-fly" syntax checking information may be incorrect. [C:\Users\octav\Desktop\pseudonumber_generator\pseudonumber_generator.srcs\sources_1\new\Top.v:]
WARNING: [filemgmt 56-199] Attempt to get parsing info during refresh. "On-the-fly" syntax checking information may be incorrect. [C:\Users\octav\Desktop\pseudonumber_generator\pseudonumber_generator.srcs\sim_1\new\Testbench.v:]
WARNING: [filemgmt 56-199] Attempt to get parsing info during refresh. "On-the-fly" syntax checking information may be incorrect. [C:\Users\octav\Desktop\pseudonumber_generator\pseudonumber_generator.srcs\sim_1\new\Testbench.v:]
ERROR: [Common 17-180] Spawn failed: No error
WARNING: [filemgmt 56-199] Attempt to get parsing info during refresh. "On-the-fly" syntax checking information may be incorrect. [C:\Users\octav\Desktop\pseudonumber_generator\pseudonumber_generator.srcs\sources_1\new\desen.v:]
WARNING: [filemgmt 56-199] Attempt to get parsing info during refresh. "On-the-fly" syntax checking information may be incorrect. [C:\Users\octav\Desktop\pseudonumber_generator\pseudonumber_generator.srcs\sim_1\new\Testbench.v:]
WARNING: [filemgmt 56-199] Attempt to get parsing info during refresh. "On-the-fly" syntax checking information may be incorrect. [C:\Users\octav\Desktop\pseudonumber_generator\pseudonumber_generator.srcs\sources_1\new\structural.v:]
WARNING: [filemgmt 56-199] Attempt to get parsing info during refresh. "On-the-fly" syntax checking information may be incorrect. [C:\Users\octav\Desktop\pseudonumber_generator\pseudonumber_generator.srcs\sources_1\new\Top.v:]
WARNING: [filemgmt 56-199] Attempt to get parsing info during refresh. "On-the-fly" syntax checking information may be incorrect. [C:\Users\octav\Desktop\pseudonumber_generator\pseudonumber_generator.srcs\sources_1\new\Top.v:]
WARNING: [filemgmt 56-199] Attempt to get parsing info during refresh. "On-the-fly" syntax checking information may be incorrect. [C:\Users\octav\Desktop\pseudonumber_generator\pseudonumber_generator.srcs\sources_1\new\Top.v:]
ERROR: [Common 17-180] Spawn failed: No error
exit
INFO: [Common 17-206] Exiting Vivado at Tue Mar 11 20:29:14 2025...
